[debug] [2025-08-06T05:34:30.389Z] ----------------------------------------------------------------------
[debug] [2025-08-06T05:34:30.391Z] Command:       /Users/benglasser/.asdf/installs/nodejs/23.8.0/bin/node /Users/benglasser/.asdf/installs/nodejs/23.8.0/bin/firebase init hosting
[debug] [2025-08-06T05:34:30.391Z] CLI Version:   14.10.1
[debug] [2025-08-06T05:34:30.391Z] Platform:      darwin
[debug] [2025-08-06T05:34:30.391Z] Node Version:  v23.8.0
[debug] [2025-08-06T05:34:30.391Z] Time:          Tue Aug 05 2025 23:34:30 GMT-0600 (Mountain Daylight Time)
[debug] [2025-08-06T05:34:30.391Z] ----------------------------------------------------------------------
[debug] 
[debug] [2025-08-06T05:34:30.459Z] > command requires scopes: ["email","openid","https://www.googleapis.com/auth/cloudplatformprojects.readonly","https://www.googleapis.com/auth/firebase","https://www.googleapis.com/auth/cloud-platform"]
[debug] [2025-08-06T05:34:30.459Z] > authorizing via signed-in user (brglasser@gmail.com)
[info] 
     ######## #### ########  ######## ########     ###     ######  ########
     ##        ##  ##     ## ##       ##     ##  ##   ##  ##       ##
     ######    ##  ########  ######   ########  #########  ######  ######
     ##        ##  ##    ##  ##       ##     ## ##     ##       ## ##
     ##       #### ##     ## ######## ########  ##     ##  ######  ########

You're about to initialize a Firebase project in this directory:

  /Users/benglasser/git/prepletix

Before we get started, keep in mind:

  * You are initializing within an existing Firebase project directory

[info] 
=== Project Setup
[info] 
[info] First, let's associate this project directory with a Firebase project.
[info] You can create multiple project aliases by running firebase use --add, 
[info] but for now we'll just set up a default project.
[info] 
[debug] [2025-08-06T05:34:30.460Z] Using project from CLI flag: prepletix
[debug] [2025-08-06T05:34:30.460Z] Checked if tokens are valid: true, expires at: 1754461195692
[debug] [2025-08-06T05:34:30.460Z] Checked if tokens are valid: true, expires at: 1754461195692
[debug] [2025-08-06T05:34:30.461Z] >>> [apiv2][query] GET https://firebase.googleapis.com/v1beta1/projects/prepletix [none]
[debug] [2025-08-06T05:34:30.763Z] <<< [apiv2][status] GET https://firebase.googleapis.com/v1beta1/projects/prepletix 200
[debug] [2025-08-06T05:34:30.764Z] <<< [apiv2][body] GET https://firebase.googleapis.com/v1beta1/projects/prepletix {"projectId":"prepletix","projectNumber":"881317585520","displayName":"prepletix","name":"projects/prepletix","resources":{"hostingSite":"prepletix"},"state":"ACTIVE","etag":"1_e813b99c-95a3-4ee3-aed8-47c473c69049"}
[info] i  Using project prepletix (prepletix) 
[info] 
=== Hosting Setup
[debug] [2025-08-06T05:34:30.774Z] Checked if tokens are valid: true, expires at: 1754461195692
[debug] [2025-08-06T05:34:30.774Z] Checked if tokens are valid: true, expires at: 1754461195692
[debug] [2025-08-06T05:34:30.774Z] >>> [apiv2][query] GET https://firebase.googleapis.com/v1beta1/projects/prepletix [none]
[debug] [2025-08-06T05:34:30.945Z] <<< [apiv2][status] GET https://firebase.googleapis.com/v1beta1/projects/prepletix 200
[debug] [2025-08-06T05:34:30.946Z] <<< [apiv2][body] GET https://firebase.googleapis.com/v1beta1/projects/prepletix {"projectId":"prepletix","projectNumber":"881317585520","displayName":"prepletix","name":"projects/prepletix","resources":{"hostingSite":"prepletix"},"state":"ACTIVE","etag":"1_e813b99c-95a3-4ee3-aed8-47c473c69049"}
[info] 
[info] Your public directory is the folder (relative to your project directory) that
[info] will contain Hosting assets to be uploaded with firebase deploy. If you
[info] have a build process for your assets, use your build's output directory.
[info] 
[debug] [2025-08-06T05:34:51.006Z] >>> [apiv2][query] GET https://www.gstatic.com/firebasejs/releases.json [none]
[debug] [2025-08-06T05:34:51.154Z] <<< [apiv2][status] GET https://www.gstatic.com/firebasejs/releases.json 200
[debug] [2025-08-06T05:34:51.154Z] <<< [apiv2][body] GET https://www.gstatic.com/firebasejs/releases.json {"current":{"version":"12.0.0","browserURL":"https://www.gstatic.com/firebasejs/12.0.0/firebase.js","packageURL":"https://www.gstatic.com/firebasejs/12.0.0/firebase.tgz"},"live":{"version":"12.0","browserURL":"https://www.gstatic.com/firebasejs/live/12.0/firebase.js","packageURL":"https://www.gstatic.com/firebasejs/live/12.0/firebase.tgz"},"components":{"ai":"https://www.gstatic.com/firebasejs/12.0.0/firebase-ai.js","analytics":"https://www.gstatic.com/firebasejs/12.0.0/firebase-analytics.js","app":"https://www.gstatic.com/firebasejs/12.0.0/firebase-app.js","app-check":"https://www.gstatic.com/firebasejs/12.0.0/firebase-app-check.js","auth":"https://www.gstatic.com/firebasejs/12.0.0/firebase-auth.js","auth/cordova":"https://www.gstatic.com/firebasejs/12.0.0/firebase-auth/cordova.js","auth/web-extension":"https://www.gstatic.com/firebasejs/12.0.0/firebase-auth/web-extension.js","functions":"https://www.gstatic.com/firebasejs/12.0.0/firebase-functions.js","firestore":"https://www.gstatic.com/firebasejs/12.0.0/firebase-firestore.js","firestore/lite":"https://www.gstatic.com/firebasejs/12.0.0/firebase-firestore/lite.js","installations":"https://www.gstatic.com/firebasejs/12.0.0/firebase-installations.js","storage":"https://www.gstatic.com/firebasejs/12.0.0/firebase-storage.js","performance":"https://www.gstatic.com/firebasejs/12.0.0/firebase-performance.js","remote-config":"https://www.gstatic.com/firebasejs/12.0.0/firebase-remote-config.js","messaging":"https://www.gstatic.com/firebasejs/12.0.0/firebase-messaging.js","messaging/sw":"https://www.gstatic.com/firebasejs/12.0.0/firebase-messaging/sw.js","database":"https://www.gstatic.com/firebasejs/12.0.0/firebase-database.js","data-connect":"https://www.gstatic.com/firebasejs/12.0.0/firebase-data-connect.js","firestore.memory":"https://www.gstatic.com/firebasejs/12.0.0/firebase-firestore.memory.js"}}
[info] i  Skipping write of web/dist/index.html 
[info] 
[info] i  Didn't detect a .git folder. Assuming /Users/benglasser/git/prepletix is the project root. 
[info] i  Authorizing with GitHub to upload your service account to a GitHub repository's secrets store. 
[info] 
[info] Visit this URL on this device to log in:
[info] https://github.com/login/oauth/authorize?client_id=89cf50f02ac6aaed3484&state=482884309&redirect_uri=http%3A%2F%2Flocalhost%3A9005&scope=read%3Auser%20repo%20public_repo
[info] 
[info] Waiting for authentication...
[debug] [2025-08-06T05:34:56.339Z] >>> [apiv2][query] POST https://github.com/login/oauth/access_token [none]
[debug] [2025-08-06T05:34:56.340Z] >>> [apiv2][body] POST https://github.com/login/oauth/access_token [stream]
[debug] [2025-08-06T05:34:56.698Z] <<< [apiv2][status] POST https://github.com/login/oauth/access_token 200
[debug] [2025-08-06T05:34:56.699Z] <<< [apiv2][body] POST https://github.com/login/oauth/access_token {"access_token":"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","token_type":"bearer","scope":"read:user,repo"}
[debug] [2025-08-06T05:34:56.700Z] >>> [apiv2][query] GET https://api.github.com/user [none]
[debug] [2025-08-06T05:34:57.117Z] <<< [apiv2][status] GET https://api.github.com/user 200
[debug] [2025-08-06T05:34:57.117Z] <<< [apiv2][body] GET https://api.github.com/user {"login":"BenGlasser","id":2309354,"node_id":"MDQ6VXNlcjIzMDkzNTQ=","avatar_url":"https://avatars.githubusercontent.com/u/2309354?v=4","gravatar_id":"","url":"https://api.github.com/users/BenGlasser","html_url":"https://github.com/BenGlasser","followers_url":"https://api.github.com/users/BenGlasser/followers","following_url":"https://api.github.com/users/BenGlasser/following{/other_user}","gists_url":"https://api.github.com/users/BenGlasser/gists{/gist_id}","starred_url":"https://api.github.com/users/BenGlasser/starred{/owner}{/repo}","subscriptions_url":"https://api.github.com/users/BenGlasser/subscriptions","organizations_url":"https://api.github.com/users/BenGlasser/orgs","repos_url":"https://api.github.com/users/BenGlasser/repos","events_url":"https://api.github.com/users/BenGlasser/events{/privacy}","received_events_url":"https://api.github.com/users/BenGlasser/received_events","type":"User","user_view_type":"private","site_admin":false,"name":"Ben Glasser","company":"Fullcast","blog":"http://www.benglasser.com","location":"Salt Lake City, UT","email":null,"hireable":true,"bio":null,"twitter_username":"benglasser","notification_email":null,"public_repos":74,"public_gists":10,"followers":20,"following":18,"created_at":"2012-09-09T03:27:19Z","updated_at":"2025-07-25T19:23:56Z","private_gists":4,"total_private_repos":11,"owned_private_repos":11,"disk_usage":2127691,"collaborators":0,"two_factor_authentication":true,"plan":{"name":"free","space":976562499,"collaborators":0,"private_repos":10000}}
[info] 
[info] ✔  Success! Logged into GitHub as BenGlasser 
[info] 
